
---------------- 2024-1-29 / 9:44:31 ----------------
{
	"Error" : 1,
	"ErrorMsg" : "stop",
	"msgLog" : "7777777",
	"nodeName" : "123456",
	"time" : "9:45:52"
}

---------------- 2024-1-29 / 9:52:43 ----------------
{
	"Error" : 1,
	"ErrorMsg" : "stop",
	"msgLog" : "7777777",
	"nodeName" : "123456",
	"time" : "9:52:49"
}
{
	"Error" : 1,
	"ErrorMsg" : "stop",
	"msgLog" : "7777777",
	"nodeName" : "123456",
	"time" : "9:53:19"
}

---------------- 2024-1-29 / 10:3:18 ----------------

---------------- 2024-1-29 / 10:8:23 ----------------
{
	"Error" : 1,
	"ErrorMsg" : "stop=1",
	"msgLog" : "stop",
	"nodeName" : "123444",
	"time" : "10:9:41"
}
{
	"Error" : 1,
	"ErrorMsg" : "stop=0",
	"msgLog" : "stop",
	"nodeName" : "123444",
	"time" : "10:9:53"
}
{
	"Error" : 1,
	"ErrorMsg" : "stop=0",
	"msgLog" : "stop",
	"nodeName" : "12333",
	"time" : "10:10:11"
}
