
---------------- 2023-9-1 / 16:13:7 ----------------
{
	"Error" : 0,
	"ErrorMsg" : "",
	"msgLog" : "scan ok",
	"nodeName" : "scanNode",
	"time" : "16:14:2"
}
{
	"Error" : 1,
	"ErrorMsg" : "6666",
	"msgLog" : "18123233228",
	"nodeName" : "imuNode",
	"time" : "16:16:4"
}
---------------- 2023-12-26 / 15:50:5 ----------------

---------------- 2023-12-26 / 16:0:5 ----------------

---------------- 2023-12-26 / 17:50:7 ----------------
{
	"Error" : 1,
	"ErrorMsg" : "shenheng",
	"msgLog" : "333333",
	"nodeName" : "stop",
	"time" : "17:50:59"
}

---------------- 2023-12-27 / 11:9:20 ----------------

---------------- 2023-12-27 / 11:11:23 ----------------

---------------- 2023-12-27 / 11:16:20 ----------------
{
	"Error" : 1,
	"ErrorMsg" : "6666666",
	"msgLog" : "777777",
	"nodeName" : "stop",
	"time" : "11:19:48"
}

---------------- 2023-12-27 / 11:35:53 ----------------

---------------- 2023-12-27 / 11:37:54 ----------------

---------------- 2023-12-27 / 13:51:49 ----------------

---------------- 2023-12-27 / 13:57:14 ----------------

---------------- 2023-12-27 / 14:0:42 ----------------

---------------- 2023-12-27 / 14:1:48 ----------------

---------------- 2023-12-27 / 14:10:40 ----------------

---------------- 2023-12-27 / 14:14:24 ----------------
